<?xml version="1.0" encoding="UTF-8"?>
<!-- Generated by org.testng.reporters.JUnitReportReporter -->
<testsuite hostname="LAPTOP-1G2A8GFB" failures="0" tests="1" name="testCases.HRCalendarPageTestCase" time="16.420" errors="0" timestamp="2022-04-27T21:02:51 IST" skipped="0">
  <testcase classname="testCases.HRCalendarPageTestCase" name="verifyHRCalendarHolidaysTC01" time="16.420"/>
  <system-out/>
</testsuite> <!-- testCases.HRCalendarPageTestCase -->
