<?xml version="1.0" encoding="UTF-8"?>
<!-- Generated by org.testng.reporters.JUnitReportReporter -->
<testsuite hostname="LAPTOP-1G2A8GFB" failures="0" tests="1" name="testCases.LoginTestCase" time="6.754" errors="0" timestamp="2022-04-26T08:27:11 IST" skipped="0">
  <testcase classname="testCases.LoginTestCase" name="verifyLoginButtonTextTC01" time="6.754"/>
  <system-out/>
</testsuite> <!-- testCases.LoginTestCase -->
