<?xml version="1.0" encoding="UTF-8"?>
<!-- Generated by org.testng.reporters.JUnitReportReporter -->
<testsuite hostname="LAPTOP-1G2A8GFB" failures="0" tests="7" name="testCases.HomePageTestCase" time="16.441" errors="0" timestamp="2022-04-27T09:20:12 IST" skipped="6">
  <testcase classname="testCases.HomePageTestCase" name="verifyTrainingsDragNDropTC07" time="16.441"/>
  <system-out/>
  <testcase classname="testCases.HomePageTestCase" name="verifyEmployeesCssValuesTC02">
    <skipped/>
  </testcase> <!-- verifyEmployeesCssValuesTC02 -->
  <system-out/>
  <testcase classname="testCases.HomePageTestCase" name="verifyHRMSSettingAttributeValueTC05">
    <skipped/>
  </testcase> <!-- verifyHRMSSettingAttributeValueTC05 -->
  <system-out/>
  <testcase classname="testCases.HomePageTestCase" name="verifyRolesPermissionAttributeValuesTC03">
    <skipped/>
  </testcase> <!-- verifyRolesPermissionAttributeValuesTC03 -->
  <system-out/>
  <testcase classname="testCases.HomePageTestCase" name="verifyLeaveManagementTagNameTC04">
    <skipped/>
  </testcase> <!-- verifyLeaveManagementTagNameTC04 -->
  <system-out/>
  <testcase classname="testCases.HomePageTestCase" name="verifyLoggedUserNameTC01">
    <skipped/>
  </testcase> <!-- verifyLoggedUserNameTC01 -->
  <system-out/>
  <testcase classname="testCases.HomePageTestCase" name="verifyHomePageTitleTC06">
    <skipped/>
  </testcase> <!-- verifyHomePageTitleTC06 -->
  <system-out/>
</testsuite> <!-- testCases.HomePageTestCase -->
