<?xml version="1.0" encoding="UTF-8"?>
<!-- Generated by org.testng.reporters.JUnitReportReporter -->
<testsuite hostname="LAPTOP-1G2A8GFB" failures="0" tests="1" name="testCases.IThemeSettingPageTestCase" time="14.928" errors="0" timestamp="2022-05-06T06:37:27 IST" skipped="0">
  <testcase classname="testCases.IThemeSettingPageTestCase" name="verifyThemeSettingPageLayoutTC30" time="14.928"/>
  <system-out/>
</testsuite> <!-- testCases.IThemeSettingPageTestCase -->
