<?xml version="1.0" encoding="UTF-8"?>
<!-- Generated by org.testng.reporters.JUnitReportReporter -->
<testsuite hostname="LAPTOP-1G2A8GFB" failures="0" tests="2" name="testCases.FPayslipPageTestCase" time="26.763" errors="0" timestamp="2022-05-06T06:37:27 IST" skipped="0">
  <testcase classname="testCases.FPayslipPageTestCase" name="verifyDownloadButtonTC23" time="14.207"/>
  <system-out/>
  <testcase classname="testCases.FPayslipPageTestCase" name="vrifySearchPayslipTC22" time="12.556"/>
  <system-out/>
</testsuite> <!-- testCases.FPayslipPageTestCase -->
