<?xml version="1.0" encoding="UTF-8"?>
<!-- Generated by org.testng.reporters.JUnitReportReporter -->
<testsuite hostname="LAPTOP-1G2A8GFB" failures="0" tests="2" name="testCases.CoreHRAwardPageTestCase" time="65.314" errors="0" timestamp="2022-05-04T07:40:47 IST" skipped="0">
  <testcase classname="testCases.CoreHRAwardPageTestCase" name="verifyAddAwardTC17" time="29.504"/>
  <system-out/>
  <testcase classname="testCases.CoreHRAwardPageTestCase" name="verifyAddAwardTC17" time="35.810"/>
  <system-out/>
</testsuite> <!-- testCases.CoreHRAwardPageTestCase -->
