<?xml version="1.0" encoding="UTF-8"?>
<!-- Generated by org.testng.reporters.JUnitReportReporter -->
<testsuite hostname="LAPTOP-1G2A8GFB" failures="0" tests="6" name="testCases.EmployeePageTest" time="31.739" errors="0" timestamp="2022-05-04T09:07:33 IST" skipped="4">
  <testcase classname="testCases.EmployeePageTest" name="verifyEmployeeReportTC22" time="16.855"/>
  <system-out/>
  <testcase classname="testCases.EmployeePageTest" name="verifyEmployeeReportTC22" time="14.884"/>
  <system-out/>
  <testcase classname="testCases.EmployeePageTest" name="verifyAddEmployeeTC20">
    <skipped/>
  </testcase> <!-- verifyAddEmployeeTC20 -->
  <system-out/>
  <testcase classname="testCases.EmployeePageTest" name="verifyFilterEmployeeTC21">
    <skipped/>
  </testcase> <!-- verifyFilterEmployeeTC21 -->
  <system-out/>
  <testcase classname="testCases.EmployeePageTest" name="verifyAddEmployeeTC20">
    <skipped/>
  </testcase> <!-- verifyAddEmployeeTC20 -->
  <system-out/>
  <testcase classname="testCases.EmployeePageTest" name="verifyFilterEmployeeTC21">
    <skipped/>
  </testcase> <!-- verifyFilterEmployeeTC21 -->
  <system-out/>
</testsuite> <!-- testCases.EmployeePageTest -->
