<?xml version="1.0" encoding="UTF-8"?>
<!-- Generated by org.testng.reporters.JUnitReportReporter -->
<testsuite hostname="LAPTOP-1G2A8GFB" failures="0" tests="1" name="testCases.DRolePermissionTestCase" time="21.188" errors="0" timestamp="2022-05-06T09:07:23 IST" skipped="0">
  <testcase classname="testCases.DRolePermissionTestCase" name="verifySearchBarTC17" time="21.188"/>
  <system-out/>
</testsuite> <!-- testCases.DRolePermissionTestCase -->
