<?xml version="1.0" encoding="UTF-8"?>
<!-- Generated by org.testng.reporters.JUnitReportReporter -->
<testsuite hostname="LAPTOP-1G2A8GFB" failures="0" tests="8" name="testCases.HomePageTestCase" time="178.721" errors="0" timestamp="2022-05-04T07:22:12 IST" skipped="0">
  <testcase classname="testCases.HomePageTestCase" name="verifyLoggedUserNameTC04" time="27.744"/>
  <system-out/>
  <testcase classname="testCases.HomePageTestCase" name="verifyEmployeesCssValuesTC05" time="19.720"/>
  <system-out/>
  <testcase classname="testCases.HomePageTestCase" name="verifyRolesPermissionAttributeValuesTC06" time="20.641"/>
  <system-out/>
  <testcase classname="testCases.HomePageTestCase" name="verifyLeaveManagementTagNameTC07" time="20.811"/>
  <system-out/>
  <testcase classname="testCases.HomePageTestCase" name="verifyHRMSSettingAttributeValueTC08" time="20.753"/>
  <system-out/>
  <testcase classname="testCases.HomePageTestCase" name="verifySignOutButtonTC23" time="22.931"/>
  <system-out/>
  <testcase classname="testCases.HomePageTestCase" name="verifyCoreHrFootBallIconTC10" time="30.240"/>
  <system-out/>
  <testcase classname="testCases.HomePageTestCase" name="verifyHomePageTitleTC09" time="15.881"/>
  <system-out/>
</testsuite> <!-- testCases.HomePageTestCase -->
