<?xml version="1.0" encoding="UTF-8"?>
<!-- Generated by org.testng.reporters.JUnitReportReporter -->
<testsuite hostname="LAPTOP-1G2A8GFB" failures="0" tests="1" name="testCases.EmployeeTestCase" time="18.045" errors="0" timestamp="2022-04-28T20:39:26 IST" skipped="0">
  <testcase classname="testCases.EmployeeTestCase" name="verifyEmployeeAddTC07" time="18.045"/>
  <system-out/>
</testsuite> <!-- testCases.EmployeeTestCase -->
