<?xml version="1.0" encoding="UTF-8"?>
<!-- Generated by org.testng.reporters.JUnitReportReporter -->
<testsuite hostname="LAPTOP-1G2A8GFB" failures="0" tests="1" name="testCases.ALoginTestCase" time="6.046" errors="0" timestamp="2022-05-06T09:07:23 IST" skipped="0">
  <testcase classname="testCases.ALoginTestCase" name="verifyLoginButtonTextTC01" time="6.046"/>
  <system-out/>
</testsuite> <!-- testCases.ALoginTestCase -->
