<?xml version="1.0" encoding="UTF-8"?>
<!-- Generated by org.testng.reporters.JUnitReportReporter -->
<testsuite hostname="LAPTOP-1G2A8GFB" failures="0" tests="3" name="testCases.EmailTemplateTestCase" time="20.589" errors="0" timestamp="2022-05-04T19:53:55 IST" skipped="2">
  <testcase classname="testCases.EmailTemplateTestCase" name="verifyWelcomeEmailEditFunction" time="20.589"/>
  <system-out/>
  <testcase classname="testCases.EmailTemplateTestCase" name="verifyEmailTempatePageNextButton">
    <skipped/>
  </testcase> <!-- verifyEmailTempatePageNextButton -->
  <system-out/>
  <testcase classname="testCases.EmailTemplateTestCase" name="verifyEmailTempateSortingFunction">
    <skipped/>
  </testcase> <!-- verifyEmailTempateSortingFunction -->
  <system-out/>
</testsuite> <!-- testCases.EmailTemplateTestCase -->
