<?xml version="1.0" encoding="UTF-8"?>
<!-- Generated by org.testng.reporters.JUnitReportReporter -->
<testsuite hostname="LAPTOP-1G2A8GFB" failures="0" tests="4" name="testCases.LoginTestCase" time="25.580" errors="0" timestamp="2022-05-04T09:07:33 IST" skipped="0">
  <testcase classname="testCases.LoginTestCase" name="verifyLoginButtonTextTC01" time="3.720"/>
  <system-out/>
  <testcase classname="testCases.LoginTestCase" name="verifyValidUserTC02" time="10.944"/>
  <system-out/>
  <testcase classname="testCases.LoginTestCase" name="verifyInValidUserTC03" time="4.075"/>
  <system-out/>
  <testcase classname="testCases.LoginTestCase" name="verifyForgotPasswordTC24" time="6.841"/>
  <system-out/>
</testsuite> <!-- testCases.LoginTestCase -->
