<?xml version="1.0" encoding="UTF-8"?>
<!-- Generated by org.testng.reporters.JUnitReportReporter -->
<testsuite hostname="LAPTOP-1G2A8GFB" failures="0" tests="1" name="testCases.ThemeSettingPageTestCase" time="25.832" errors="0" timestamp="2022-05-04T06:56:31 IST" skipped="0">
  <testcase classname="testCases.ThemeSettingPageTestCase" name="verifyThemeSettingPageLayoutTC18" time="25.832"/>
  <system-out/>
</testsuite> <!-- testCases.ThemeSettingPageTestCase -->
