<?xml version="1.0" encoding="UTF-8"?>
<!-- Generated by org.testng.reporters.JUnitReportReporter -->
<testsuite hostname="LAPTOP-1G2A8GFB" failures="0" tests="2" name="testCases.BHomePageTestCase" time="29.980" errors="0" timestamp="2022-05-06T09:07:23 IST" skipped="0">
  <testcase classname="testCases.BHomePageTestCase" name="verifyEmployeesCssValuesTC06" time="15.095"/>
  <system-out/>
  <testcase classname="testCases.BHomePageTestCase" name="verifyHRMSSettingAttributeValueTC09" time="14.885"/>
  <system-out/>
</testsuite> <!-- testCases.BHomePageTestCase -->
