<?xml version="1.0" encoding="UTF-8"?>
<!-- Generated by org.testng.reporters.JUnitReportReporter -->
<testsuite hostname="LAPTOP-1G2A8GFB" failures="0" tests="10" name="testCases.RolePermissionTestCase" time="209.757" errors="0" timestamp="2022-05-04T07:53:59 IST" skipped="2">
  <testcase classname="testCases.RolePermissionTestCase" name="verifyAddNewRoleTC12" time="27.159"/>
  <system-out/>
  <testcase classname="testCases.RolePermissionTestCase" name="verifyAddNewRoleTC12" time="30.354"/>
  <system-out/>
  <testcase classname="testCases.RolePermissionTestCase" name="verifySearchBarTC14" time="24.467"/>
  <system-out/>
  <testcase classname="testCases.RolePermissionTestCase" name="verifySearchBarTC14" time="23.689"/>
  <system-out/>
  <testcase classname="testCases.RolePermissionTestCase" name="verifyDeleteRoleTC15" time="23.286"/>
  <system-out/>
  <testcase classname="testCases.RolePermissionTestCase" name="verifyDeleteRoleTC15" time="30.508"/>
  <system-out/>
  <testcase classname="testCases.RolePermissionTestCase" name="verifyEditIconTC16" time="26.416"/>
  <system-out/>
  <testcase classname="testCases.RolePermissionTestCase" name="verifyEditIconTC16" time="23.878"/>
  <system-out/>
  <testcase classname="testCases.RolePermissionTestCase" name="verifyAddNewRoleWithCustomMenuAccessTC13">
    <skipped/>
  </testcase> <!-- verifyAddNewRoleWithCustomMenuAccessTC13 -->
  <system-out/>
  <testcase classname="testCases.RolePermissionTestCase" name="verifyAddNewRoleWithCustomMenuAccessTC13">
    <skipped/>
  </testcase> <!-- verifyAddNewRoleWithCustomMenuAccessTC13 -->
  <system-out/>
</testsuite> <!-- testCases.RolePermissionTestCase -->
