<?xml version="1.0" encoding="UTF-8"?>
<!-- Generated by org.testng.reporters.JUnitReportReporter -->
<testsuite hostname="LAPTOP-1G2A8GFB" failures="0" tests="2" name="testCases.HRCalendarPageTestCase" time="77.957" errors="0" timestamp="2022-05-04T07:40:47 IST" skipped="0">
  <testcase classname="testCases.HRCalendarPageTestCase" name="verifyHRCalendarHolidaysTC11" time="34.532"/>
  <system-out/>
  <testcase classname="testCases.HRCalendarPageTestCase" name="verifyHRCalendarHolidaysTC11" time="43.425"/>
  <system-out/>
</testsuite> <!-- testCases.HRCalendarPageTestCase -->
